
hello:     file format elf32-littlearm


Disassembly of section .text:

0c000000 <_start>:
 c000000:	e59fd004 	ldr	sp, [pc, #4]	; c00000c <stop+0x4>
 c000004:	eb000001 	bl	c000010 <main>

0c000008 <stop>:
 c000008:	eafffffe 	b	c000008 <stop>
 c00000c:	0c7ffffc 	.word	0x0c7ffffc

0c000010 <main>:
 c000010:	e92d4800 	push	{fp, lr}
 c000014:	e28db004 	add	fp, sp, #4
 c000018:	eb000004 	bl	c000030 <serial_init>
 c00001c:	eb000025 	bl	c0000b8 <serial_getc>
 c000020:	e1a03000 	mov	r3, r0
 c000024:	e1a00003 	mov	r0, r3
 c000028:	eb000010 	bl	c000070 <serial_putc>
 c00002c:	eafffffa 	b	c00001c <main+0xc>

0c000030 <serial_init>:
 c000030:	e52db004 	push	{fp}		; (str fp, [sp, #-4]!)
 c000034:	e28db000 	add	fp, sp, #0
 c000038:	e3a0361d 	mov	r3, #30408704	; 0x1d00000
 c00003c:	e3a02003 	mov	r2, #3
 c000040:	e5832000 	str	r2, [r3]
 c000044:	e3a0361d 	mov	r3, #30408704	; 0x1d00000
 c000048:	e2833004 	add	r3, r3, #4
 c00004c:	e3a02005 	mov	r2, #5
 c000050:	e5832000 	str	r2, [r3]
 c000054:	e3a0361d 	mov	r3, #30408704	; 0x1d00000
 c000058:	e2833028 	add	r3, r3, #40	; 0x28
 c00005c:	e3a02022 	mov	r2, #34	; 0x22
 c000060:	e5832000 	str	r2, [r3]
 c000064:	e28bd000 	add	sp, fp, #0
 c000068:	e8bd0800 	pop	{fp}
 c00006c:	e12fff1e 	bx	lr

0c000070 <serial_putc>:
 c000070:	e52db004 	push	{fp}		; (str fp, [sp, #-4]!)
 c000074:	e28db000 	add	fp, sp, #0
 c000078:	e24dd00c 	sub	sp, sp, #12
 c00007c:	e1a03000 	mov	r3, r0
 c000080:	e54b3005 	strb	r3, [fp, #-5]
 c000084:	e3a0361d 	mov	r3, #30408704	; 0x1d00000
 c000088:	e2833010 	add	r3, r3, #16
 c00008c:	e5933000 	ldr	r3, [r3]
 c000090:	e2033002 	and	r3, r3, #2
 c000094:	e3530000 	cmp	r3, #0
 c000098:	0afffff9 	beq	c000084 <serial_putc+0x14>
 c00009c:	e3a0361d 	mov	r3, #30408704	; 0x1d00000
 c0000a0:	e2833020 	add	r3, r3, #32
 c0000a4:	e55b2005 	ldrb	r2, [fp, #-5]
 c0000a8:	e5832000 	str	r2, [r3]
 c0000ac:	e28bd000 	add	sp, fp, #0
 c0000b0:	e8bd0800 	pop	{fp}
 c0000b4:	e12fff1e 	bx	lr

0c0000b8 <serial_getc>:
 c0000b8:	e52db004 	push	{fp}		; (str fp, [sp, #-4]!)
 c0000bc:	e28db000 	add	fp, sp, #0
 c0000c0:	e3a0361d 	mov	r3, #30408704	; 0x1d00000
 c0000c4:	e2833010 	add	r3, r3, #16
 c0000c8:	e5933000 	ldr	r3, [r3]
 c0000cc:	e2033001 	and	r3, r3, #1
 c0000d0:	e3530000 	cmp	r3, #0
 c0000d4:	0afffff9 	beq	c0000c0 <serial_getc+0x8>
 c0000d8:	e3a0361d 	mov	r3, #30408704	; 0x1d00000
 c0000dc:	e2833024 	add	r3, r3, #36	; 0x24
 c0000e0:	e5933000 	ldr	r3, [r3]
 c0000e4:	e20330ff 	and	r3, r3, #255	; 0xff
 c0000e8:	e1a00003 	mov	r0, r3
 c0000ec:	e28bd000 	add	sp, fp, #0
 c0000f0:	e8bd0800 	pop	{fp}
 c0000f4:	e12fff1e 	bx	lr

0c0000f8 <serial_puts>:
 c0000f8:	e92d4800 	push	{fp, lr}
 c0000fc:	e28db004 	add	fp, sp, #4
 c000100:	e24dd008 	sub	sp, sp, #8
 c000104:	e50b0008 	str	r0, [fp, #-8]
 c000108:	e1a03001 	mov	r3, r1
 c00010c:	e14b30ba 	strh	r3, [fp, #-10]
 c000110:	ea000009 	b	c00013c <serial_puts+0x44>
 c000114:	e51b3008 	ldr	r3, [fp, #-8]
 c000118:	e5d33000 	ldrb	r3, [r3]
 c00011c:	e1a00003 	mov	r0, r3
 c000120:	ebffffd2 	bl	c000070 <serial_putc>
 c000124:	e51b3008 	ldr	r3, [fp, #-8]
 c000128:	e2833001 	add	r3, r3, #1
 c00012c:	e50b3008 	str	r3, [fp, #-8]
 c000130:	e15b30ba 	ldrh	r3, [fp, #-10]
 c000134:	e2433001 	sub	r3, r3, #1
 c000138:	e14b30ba 	strh	r3, [fp, #-10]
 c00013c:	e15b30fa 	ldrsh	r3, [fp, #-10]
 c000140:	e3530000 	cmp	r3, #0
 c000144:	cafffff2 	bgt	c000114 <serial_puts+0x1c>
 c000148:	e24bd004 	sub	sp, fp, #4
 c00014c:	e8bd4800 	pop	{fp, lr}
 c000150:	e12fff1e 	bx	lr
